<?xml version="1.0" encoding="UTF-8"?>
<!-- Generated by org.testng.reporters.JUnitXMLReporter -->
<testsuite ignored="2" hostname="LAPTOP-HAK2QLP8" failures="0" tests="1" name="Default test" time="44.809" errors="0" timestamp="2024-12-12T13:21:08 IST">
  <testcase classname="techstats.SaleTest.SaleTransactionTest" name="checkOutProcess" time="19.246"/>
  <testcase classname="techstats.SaleTest.SaleTransactionTest" name="standaloneTests" time="0.0">
    <ignored/>
  </testcase> <!-- standaloneTests -->
  <testcase classname="techstats.SaleTest.SaleTransactionTest" name="practiceTest" time="0.0">
    <ignored/>
  </testcase> <!-- practiceTest -->
</testsuite> <!-- Default test -->
