<?xml version="1.0" encoding="UTF-8"?>
<!-- Generated by org.testng.reporters.JUnitXMLReporter -->
<testsuite ignored="0" hostname="LAPTOP-HAK2QLP8" failures="0" tests="4" name="GreenKart" time="120.344" errors="0" timestamp="11 Dec 2024 12:35:22 GMT">
  <testcase classname="techstats.SaleTest.BasketTest" name="addToBasket" time="12.222"/>
  <testcase classname="techstats.SaleTest.SaleTransactionTest" name="checkOutProcess" time="10.719"/>
  <testcase classname="techstats.SaleTest.SaleTransactionTest" name="practiceTest" time="18.354"/>
  <testcase classname="techstats.SaleTest.SaleTransactionTest" name="standaloneTests" time="13.789"/>
</testsuite> <!-- GreenKart -->
