<?xml version="1.0" encoding="UTF-8"?>
<!-- Generated by org.testng.reporters.JUnitXMLReporter -->
<testsuite ignored="0" hostname="LAPTOP-HAK2QLP8" failures="0" tests="3" name="GreenKart" time="61.761" errors="0" timestamp="09 Mar 2024 07:16:32 GMT">
  <testcase classname="techstats.SaleTest.BasketTest" name="addToBasket" time="10.44"/>
  <testcase classname="techstats.SaleTest.SaleTransactionTest" name="checkOutProcess" time="10.544"/>
  <testcase classname="techstats.SaleTest.SaleTransactionTest" name="standaloneTests" time="13.151"/>
</testsuite> <!-- GreenKart -->
