<?xml version="1.0" encoding="UTF-8"?>
<testng-results ignored="2" total="3" passed="1" failed="0" skipped="0">
  <reporter-output>
  </reporter-output>
  <suite started-at="2024-12-12T13:20:23 IST" name="Default suite" finished-at="2024-12-12T13:21:08 IST" duration-ms="44809">
    <groups>
    </groups>
    <test started-at="2024-12-12T13:20:23 IST" name="Default test" finished-at="2024-12-12T13:21:08 IST" duration-ms="44809">
      <class name="techstats.SaleTest.SaleTransactionTest">
        <test-method is-config="true" signature="setUp()[pri:0, instance:techstats.SaleTest.SaleTransactionTest@67d48005]" started-at="2024-12-12T13:20:23 IST" name="setUp" finished-at="2024-12-12T13:20:48 IST" duration-ms="25189" status="PASS">
          <reporter-output>
          </reporter-output>
        </test-method> <!-- setUp -->
        <test-method signature="checkOutProcess()[pri:0, instance:techstats.SaleTest.SaleTransactionTest@67d48005]" started-at="2024-12-12T13:20:48 IST" name="checkOutProcess" finished-at="2024-12-12T13:21:07 IST" duration-ms="19246" status="PASS">
          <reporter-output>
          </reporter-output>
        </test-method> <!-- checkOutProcess -->
        <test-method is-config="true" signature="closeDriver()[pri:0, instance:techstats.SaleTest.SaleTransactionTest@67d48005]" started-at="2024-12-12T13:21:07 IST" name="closeDriver" finished-at="2024-12-12T13:21:08 IST" duration-ms="287" status="PASS">
          <reporter-output>
          </reporter-output>
        </test-method> <!-- closeDriver -->
      </class> <!-- techstats.SaleTest.SaleTransactionTest -->
    </test> <!-- Default test -->
  </suite> <!-- Default suite -->
</testng-results>
