<?xml version="1.0" encoding="UTF-8"?>
<testng-results ignored="0" total="3" passed="3" failed="0" skipped="0">
  <reporter-output>
  </reporter-output>
  <suite started-at="2024-03-09T07:15:30Z" name="Regression" finished-at="2024-03-09T07:16:32Z" duration-ms="61761">
    <groups>
    </groups>
    <test started-at="2024-03-09T07:15:30Z" name="GreenKart" finished-at="2024-03-09T07:16:32Z" duration-ms="61761">
      <class name="techstats.SaleTest.SaleTransactionTest">
        <test-method is-config="true" signature="setUp()[pri:0, instance:techstats.SaleTest.SaleTransactionTest@3561c410]" started-at="2024-03-09T07:15:52Z" name="setUp" finished-at="2024-03-09T07:16:00Z" duration-ms="8043" status="PASS">
          <reporter-output>
          </reporter-output>
        </test-method> <!-- setUp -->
        <test-method signature="checkOutProcess()[pri:0, instance:techstats.SaleTest.SaleTransactionTest@3561c410]" started-at="2024-03-09T07:16:00Z" name="checkOutProcess" finished-at="2024-03-09T07:16:11Z" duration-ms="10544" status="PASS">
          <reporter-output>
          </reporter-output>
        </test-method> <!-- checkOutProcess -->
        <test-method is-config="true" signature="closeDriver()[pri:0, instance:techstats.SaleTest.SaleTransactionTest@3561c410]" started-at="2024-03-09T07:16:11Z" name="closeDriver" finished-at="2024-03-09T07:16:11Z" duration-ms="304" status="PASS">
          <reporter-output>
          </reporter-output>
        </test-method> <!-- closeDriver -->
        <test-method is-config="true" signature="setUp()[pri:0, instance:techstats.SaleTest.SaleTransactionTest@3561c410]" started-at="2024-03-09T07:16:11Z" name="setUp" finished-at="2024-03-09T07:16:19Z" duration-ms="7593" status="PASS">
          <reporter-output>
          </reporter-output>
        </test-method> <!-- setUp -->
        <test-method signature="standaloneTests()[pri:0, instance:techstats.SaleTest.SaleTransactionTest@3561c410]" started-at="2024-03-09T07:16:19Z" name="standaloneTests" finished-at="2024-03-09T07:16:32Z" duration-ms="13151" status="PASS">
          <reporter-output>
          </reporter-output>
        </test-method> <!-- standaloneTests -->
        <test-method is-config="true" signature="closeDriver()[pri:0, instance:techstats.SaleTest.SaleTransactionTest@3561c410]" started-at="2024-03-09T07:16:32Z" name="closeDriver" finished-at="2024-03-09T07:16:32Z" duration-ms="256" status="PASS">
          <reporter-output>
          </reporter-output>
        </test-method> <!-- closeDriver -->
      </class> <!-- techstats.SaleTest.SaleTransactionTest -->
      <class name="techstats.SaleTest.BasketTest">
        <test-method is-config="true" signature="setUp()[pri:0, instance:techstats.SaleTest.BasketTest@436c81a3]" started-at="2024-03-09T07:15:30Z" name="setUp" finished-at="2024-03-09T07:15:42Z" duration-ms="11077" status="PASS">
          <reporter-output>
          </reporter-output>
        </test-method> <!-- setUp -->
        <test-method signature="addToBasket()[pri:0, instance:techstats.SaleTest.BasketTest@436c81a3]" started-at="2024-03-09T07:15:42Z" name="addToBasket" finished-at="2024-03-09T07:15:52Z" duration-ms="10440" status="PASS">
          <reporter-output>
          </reporter-output>
        </test-method> <!-- addToBasket -->
        <test-method is-config="true" signature="closeDriver()[pri:0, instance:techstats.SaleTest.BasketTest@436c81a3]" started-at="2024-03-09T07:16:32Z" name="closeDriver" finished-at="2024-03-09T07:16:32Z" duration-ms="265" status="PASS">
          <reporter-output>
          </reporter-output>
        </test-method> <!-- closeDriver -->
      </class> <!-- techstats.SaleTest.BasketTest -->
    </test> <!-- GreenKart -->
  </suite> <!-- Regression -->
</testng-results>
